Sun Sep 17 20:20:07 +07 2023
Starting ArtefactCorr: n05p001 node,  OpenMP threads...
TF_CONFIG: {"cluster": {"worker": ["n05p001:12345", "n05p002:12345", "n05p003:12345"]},"task": {"type": "worker", "index": 0}}
2023-09-17 20:20:09.477286: I tensorflow/core/util/port.cc:110] oneDNN custom operations are on. You may see slightly different numerical results due to floating-point round-off errors from different computation orders. To turn them off, set the environment variable `TF_ENABLE_ONEDNN_OPTS=0`.
2023-09-17 20:20:09.509966: I tensorflow/tsl/cuda/cudart_stub.cc:28] Could not find cuda drivers on your machine, GPU will not be used.
2023-09-17 20:20:09.886309: I tensorflow/tsl/cuda/cudart_stub.cc:28] Could not find cuda drivers on your machine, GPU will not be used.
2023-09-17 20:20:09.887936: I tensorflow/core/platform/cpu_feature_guard.cc:182] This TensorFlow binary is optimized to use available CPU instructions in performance-critical operations.
To enable the following instructions: AVX2 AVX512F AVX512_VNNI FMA, in other operations, rebuild TensorFlow with the appropriate compiler flags.
2023-09-17 20:20:12.964204: W tensorflow/compiler/tf2tensorrt/utils/py_utils.cc:38] TF-TRT Warning: Could not find TensorRT
2023-09-17 20:20:43.453567: I tensorflow/core/distributed_runtime/rpc/grpc_server_lib.cc:449] Started server with target: grpc://n05p001:12345
2023-09-17 20:20:43.495217: I tensorflow/tsl/distributed_runtime/coordination/coordination_service.cc:535] /job:worker/replica:0/task:0 has connected to coordination service. Incarnation: 7919258461609760437
2023-09-17 20:20:43.498067: I tensorflow/tsl/distributed_runtime/coordination/coordination_service_agent.cc:298] Coordination agent has successfully connected.
2023-09-17 20:20:43.768533: I tensorflow/tsl/distributed_runtime/coordination/coordination_service.cc:535] /job:worker/replica:0/task:1 has connected to coordination service. Incarnation: 7990622049766311825
2023-09-17 20:20:43.960701: I tensorflow/tsl/distributed_runtime/coordination/coordination_service.cc:535] /job:worker/replica:0/task:2 has connected to coordination service. Incarnation: 13517483242614477752

2023-09-17 20:20:07: Initializing tensorflow.keras started.

2023-09-17 20:20:16: Initializing tensorflow.keras finished.

2023-09-17 20:20:16: Initializing sklearn.model_selection started.

2023-09-17 20:20:18: Initializing sklearn.model_selection started.

2023-09-17 20:20:18: Initializing tensorflow started.

2023-09-17 20:20:18: Initializing tensorflow finished.

2023-09-17 20:20:18: Program started.

2023-09-17 20:20:18: Making dataset started.

2023-09-17 20:20:43: Building model started.
Model: "sequential"
_________________________________________________________________
 Layer (type)                Output Shape              Param #   
=================================================================
 conv2d (Conv2D)             (None, 57, 60, 64)        5248      
                                                                 
 conv2d_1 (Conv2D)           (None, 57, 60, 32)        100384    
                                                                 
 max_pooling2d (MaxPooling2  (None, 57, 60, 32)        0         
 D)                                                              
                                                                 
 conv2d_2 (Conv2D)           (None, 57, 60, 16)        12816     
                                                                 
 max_pooling2d_1 (MaxPoolin  (None, 57, 60, 16)        0         
 g2D)                                                            
                                                                 
 conv2d_3 (Conv2D)           (None, 57, 60, 8)         1160      
                                                                 
 dropout (Dropout)           (None, 57, 60, 8)         0         
                                                                 
 conv2d_transpose (Conv2DTr  (None, 57, 60, 16)        1168      
 anspose)                                                        
                                                                 
 conv2d_transpose_1 (Conv2D  (None, 57, 60, 32)        25120     
 Transpose)                                                      
                                                                 
 conv2d_transpose_2 (Conv2D  (None, 57, 60, 64)        165952    
 Transpose)                                                      
                                                                 
 conv2d_transpose_3 (Conv2D  (None, 57, 60, 1)         577       
 Transpose)                                                      
                                                                 
=================================================================
Total params: 312425 (1.19 MB)
Trainable params: 312425 (1.19 MB)
Non-trainable params: 0 (0.00 Byte)
_________________________________________________________________
2023-09-17 20:20:44.700808: W tensorflow/core/grappler/optimizers/data/auto_shard.cc:786] AUTO sharding policy will apply DATA sharding policy as it failed to apply FILE sharding policy because of the following reason: Found an unshardable source dataset: name: "TensorSliceDataset/_2"
op: "TensorSliceDataset"
input: "Placeholder/_0"
input: "Placeholder/_1"
attr {
  key: "Toutput_types"
  value {
    list {
      type: DT_DOUBLE
      type: DT_DOUBLE
    }
  }
}
attr {
  key: "_cardinality"
  value {
    i: 3276
  }
}
attr {
  key: "is_files"
  value {
    b: false
  }
}
attr {
  key: "metadata"
  value {
    s: "\n\024TensorSliceDataset:0"
  }
}
attr {
  key: "output_shapes"
  value {
    list {
      shape {
        dim {
          size: 57
        }
        dim {
          size: 60
        }
        dim {
          size: 1
        }
      }
      shape {
        dim {
          size: 57
        }
        dim {
          size: 60
        }
        dim {
          size: 1
        }
      }
    }
  }
}
attr {
  key: "replicate_on_split"
  value {
    b: false
  }
}
experimental_type {
  type_id: TFT_PRODUCT
  args {
    type_id: TFT_DATASET
    args {
      type_id: TFT_PRODUCT
      args {
        type_id: TFT_TENSOR
        args {
          type_id: TFT_DOUBLE
        }
      }
      args {
        type_id: TFT_TENSOR
        args {
          type_id: TFT_DOUBLE
        }
      }
    }
  }
}

2023-09-17 20:20:44.777946: W tensorflow/core/framework/dataset.cc:956] Input of GeneratorDatasetOp::Dataset will not be optimized because the dataset does not implement the AsGraphDefInternal() method needed to apply optimizations.

2023-09-17 20:20:44: Training started.
Epoch 1/3
103/103 - 14s - loss: 14468962792578744320.0000 - accuracy: 0.9993 - val_loss: 14304832094830854144.0000 - val_accuracy: 0.9997 - lr: 0.0010 - 14s/epoch - 138ms/step
Epoch 2/3
2023-09-17 20:21:17.170501: W tensorflow/core/framework/dataset.cc:956] Input of GeneratorDatasetOp::Dataset will not be optimized because the dataset does not implement the AsGraphDefInternal() method needed to apply optimizations.
103/103 - 19s - loss: 14468962792578744320.0000 - accuracy: 0.9997 - val_loss: 14304832094830854144.0000 - val_accuracy: 0.9997 - lr: 0.0010 - 19s/epoch - 186ms/step
Epoch 3/3
103/103 - 16s - loss: 14468962792578744320.0000 - accuracy: 0.9997 - val_loss: 14304832094830854144.0000 - val_accuracy: 0.9997 - lr: 0.0010 - 16s/epoch - 155ms/step
Sun Sep 17 20:21:35 +07 2023
